#
# There is insufficient memory for the Java Runtime Environment to continue.
# Native memory allocation (mmap) failed to map 27262976 bytes for Failed to commit area from 0x0000000089200000 to 0x000000008ac00000 of length 27262976.
# Possible reasons:
#   The system is out of physical RAM or swap space
#   The process is running with CompressedOops enabled, and the Java Heap may be blocking the growth of the native heap
# Possible solutions:
#   Reduce memory load on the system
#   Increase physical memory or swap space
#   Check if swap backing store is full
#   Decrease Java heap size (-Xmx/-Xms)
#   Decrease number of Java threads
#   Decrease Java thread stack sizes (-Xss)
#   Set larger code cache with -XX:ReservedCodeCacheSize=
#   JVM is running with Unscaled Compressed Oops mode in which the Java heap is
#     placed in the first 4GB address space. The Java Heap base address is the
#     maximum limit for the native heap growth. Please use -XX:HeapBaseMinAddress
#     to set the Java Heap base and to place the Java Heap above 4GB virtual address.
# This output file may be truncated or incomplete.
#
#  Out of Memory Error (./src/hotspot/os/windows/os_windows.cpp:3619), pid=16236, tid=14684
#
# JRE version: OpenJDK Runtime Environment (11.0.13) (build 11.0.13+0-b1751.21-8125866)
# Java VM: OpenJDK 64-Bit Server VM (11.0.13+0-b1751.21-8125866, mixed mode, tiered, compressed oops, g1 gc, windows-amd64)
# No core dump will be written. Minidumps are not enabled by default on client versions of Windows
#

---------------  S U M M A R Y ------------

Command Line: org.jetbrains.kotlin.cli.jvm.K2JVMCompiler @D:\UdemyCourses\JetpackCompose\TodoAppJetpack\app\build\20230121_17187152154060645916.compiler.options

Host: Intel(R) Core(TM) i3-5005U CPU @ 2.00GHz, 4 cores, 7G,  Windows 10 , 64 bit Build 19041 (10.0.19041.2364)
Time: Sat Jan 21 12:25:31 2023 Hora estándar romance elapsed time: 8.242670 seconds (0d 0h 0m 8s)

---------------  T H R E A D  ---------------

Current thread (0x000002c523c5e800):  VMThread "VM Thread" [stack: 0x000000ed54500000,0x000000ed54600000] [id=14684]

Stack: [0x000000ed54500000,0x000000ed54600000]
[error occurred during error reporting (printing stack bounds), id 0xc0000005, EXCEPTION_ACCESS_VIOLATION (0xc0000005) at pc=0x000002c50d48112d]

Native frames: (J=compiled Java code, j=interpreted, Vv=VM code, C=native code)
V  [jvm.dll+0x6100fa]
V  [jvm.dll+0x747090]
V  [jvm.dll+0x7486ad]
V  [jvm.dll+0x748ce5]
V  [jvm.dll+0x748c9b]
V  [jvm.dll+0x60f224]
V  [jvm.dll+0x60f9b8]
C  [ntdll.dll+0xa241f]
C  [ntdll.dll+0x514a4]
C  [ntdll.dll+0xa0f4e]
C  0x000002c50d48112d

VM_Operation (0x000000ed53ffa2c0): G1CollectForAllocation, mode: safepoint, requested by thread 0x000002c50994b800


---------------  P R O C E S S  ---------------

Threads class SMR info:
_java_thread_list=0x000002c524ec1b60, length=11, elements={
0x000002c50994b800, 0x000002c523c86800, 0x000002c523c88000, 0x000002c523ca4000,
0x000002c523ca6000, 0x000002c523cab800, 0x000002c523cb2800, 0x000002c523cb7800,
0x000002c523cb9800, 0x000002c52478e800, 0x000002c525ed8800
}

Java Threads: ( => current thread )
  0x000002c50994b800 JavaThread "main" [_thread_blocked, id=14024, stack(0x000000ed53f00000,0x000000ed54000000)]
  0x000002c523c86800 JavaThread "Reference Handler" daemon [_thread_blocked, id=7888, stack(0x000000ed54600000,0x000000ed54700000)]
  0x000002c523c88000 JavaThread "Finalizer" daemon [_thread_blocked, id=14408, stack(0x000000ed54700000,0x000000ed54800000)]
  0x000002c523ca4000 JavaThread "Signal Dispatcher" daemon [_thread_blocked, id=14864, stack(0x000000ed54800000,0x000000ed54900000)]
  0x000002c523ca6000 JavaThread "Attach Listener" daemon [_thread_blocked, id=3932, stack(0x000000ed54900000,0x000000ed54a00000)]
  0x000002c523cab800 JavaThread "Service Thread" daemon [_thread_blocked, id=5084, stack(0x000000ed54a00000,0x000000ed54b00000)]
  0x000002c523cb2800 JavaThread "C2 CompilerThread0" daemon [_thread_blocked, id=13652, stack(0x000000ed54b00000,0x000000ed54c00000)]
  0x000002c523cb7800 JavaThread "C1 CompilerThread0" daemon [_thread_blocked, id=8344, stack(0x000000ed54c00000,0x000000ed54d00000)]
  0x000002c523cb9800 JavaThread "Sweeper thread" daemon [_thread_blocked, id=7792, stack(0x000000ed54d00000,0x000000ed54e00000)]
  0x000002c52478e800 JavaThread "Common-Cleaner" daemon [_thread_blocked, id=13184, stack(0x000000ed54f00000,0x000000ed55000000)]
  0x000002c525ed8800 JavaThread "C2 CompilerThread1" daemon [_thread_blocked, id=13612, stack(0x000000ed55000000,0x000000ed55100000)]

Other Threads:
=>0x000002c523c5e800 VMThread "VM Thread" [stack: 0x000000ed54500000,0x000000ed54600000] [id=14684]
  0x000002c52478a000 WatcherThread [stack: 0x000000ed54e00000,0x000000ed54f00000] [id=15072]
  0x000002c509965000 GCTaskThread "GC Thread#0" [stack: 0x000000ed54000000,0x000000ed54100000] [id=12112]
  0x000002c524afd000 GCTaskThread "GC Thread#1" [stack: 0x000000ed55100000,0x000000ed55200000] [id=13172]
  0x000002c524b4d800 GCTaskThread "GC Thread#2" [stack: 0x000000ed55200000,0x000000ed55300000] [id=14736]
  0x000002c509994800 ConcurrentGCThread "G1 Main Marker" [stack: 0x000000ed54100000,0x000000ed54200000] [id=5688]
  0x000002c509996000 ConcurrentGCThread "G1 Conc#0" [stack: 0x000000ed54200000,0x000000ed54300000] [id=1928]
  0x000002c509a28800 ConcurrentGCThread "G1 Refine#0" [stack: 0x000000ed54300000,0x000000ed54400000] [id=14592]
  0x000002c509a29800 ConcurrentGCThread "G1 Young RemSet Sampling" [stack: 0x000000ed54400000,0x000000ed54500000] [id=12908]

Threads with active compile tasks:
C2 CompilerThread0   8259 3365       4       org.jetbrains.org.objectweb.asm.ClassReader::readUtf (161 bytes)
C1 CompilerThread0   8259 3381   !   3       org.jetbrains.kotlin.metadata.ProtoBuf$Annotation::<init> (344 bytes)
C2 CompilerThread1   8259 3377       4       org.jetbrains.kotlin.protobuf.CodedOutputStream::refreshBuffer (37 bytes)

VM state:at safepoint (normal execution)

VM Mutex/Monitor currently owned by a thread:  ([mutex/lock_event])
[0x000002c509947d40] Threads_lock - owner thread: 0x000002c523c5e800
[0x000002c509947e60] Heap_lock - owner thread: 0x000002c50994b800

Heap address: 0x0000000081200000, size: 2030 MB, Compressed Oops mode: 32-bit
Narrow klass base: 0x0000000000000000, Narrow klass shift: 3
Compressed class space size: 1073741824 Address: 0x0000000100000000

Heap:
 garbage-first heap   total 157696K, used 27544K [0x0000000081200000, 0x0000000100000000)
  region size 1024K, 7 young (7168K), 7 survivors (7168K)
 Metaspace       used 45801K, capacity 46363K, committed 46672K, reserved 1091584K
  class space    used 5399K, capacity 5605K, committed 5632K, reserved 1048576K
Heap Regions: E=young(eden), S=young(survivor), O=old, HS=humongous(starts), HC=humongous(continues), CS=collection set, F=free, A=archive, TAMS=top-at-mark-start (previous, next)
|   0|0x0000000081200000, 0x0000000081300000, 0x0000000081300000|100%|HS|  |TAMS 0x0000000081300000, 0x0000000081200000| Complete 
|   1|0x0000000081300000, 0x0000000081400000, 0x0000000081400000|100%|HC|  |TAMS 0x0000000081400000, 0x0000000081300000| Complete 
|   2|0x0000000081400000, 0x0000000081500000, 0x0000000081500000|100%|HC|  |TAMS 0x0000000081500000, 0x0000000081400000| Complete 
|   3|0x0000000081500000, 0x0000000081600000, 0x0000000081600000|100%| O|  |TAMS 0x0000000081600000, 0x0000000081500000| Untracked 
|   4|0x0000000081600000, 0x0000000081700000, 0x0000000081700000|100%| O|  |TAMS 0x0000000081700000, 0x0000000081600000| Untracked 
|   5|0x0000000081700000, 0x0000000081800000, 0x0000000081800000|100%|HS|  |TAMS 0x0000000081800000, 0x0000000081700000| Complete 
|   6|0x0000000081800000, 0x0000000081900000, 0x0000000081900000|100%|HC|  |TAMS 0x0000000081900000, 0x0000000081800000| Complete 
|   7|0x0000000081900000, 0x0000000081a00000, 0x0000000081a00000|100%|HC|  |TAMS 0x0000000081a00000, 0x0000000081900000| Complete 
|   8|0x0000000081a00000, 0x0000000081a00000, 0x0000000081b00000|  0%| F|  |TAMS 0x0000000081a00000, 0x0000000081a00000| Untracked 
|   9|0x0000000081b00000, 0x0000000081b00000, 0x0000000081c00000|  0%| F|  |TAMS 0x0000000081b00000, 0x0000000081b00000| Untracked 
|  10|0x0000000081c00000, 0x0000000081d00000, 0x0000000081d00000|100%| O|  |TAMS 0x0000000081d00000, 0x0000000081c00000| Untracked 
|  11|0x0000000081d00000, 0x0000000081e00000, 0x0000000081e00000|100%| O|  |TAMS 0x0000000081e00000, 0x0000000081d00000| Untracked 
|  12|0x0000000081e00000, 0x0000000081f00000, 0x0000000081f00000|100%| O|  |TAMS 0x0000000081f00000, 0x0000000081e00000| Untracked 
|  13|0x0000000081f00000, 0x0000000082000000, 0x0000000082000000|100%| O|  |TAMS 0x0000000082000000, 0x0000000081f00000| Untracked 
|  14|0x0000000082000000, 0x0000000082100000, 0x0000000082100000|100%| O|  |TAMS 0x0000000082100000, 0x0000000082000000| Untracked 
|  15|0x0000000082100000, 0x0000000082200000, 0x0000000082200000|100%| O|  |TAMS 0x0000000082200000, 0x0000000082100000| Untracked 
|  16|0x0000000082200000, 0x0000000082300000, 0x0000000082300000|100%| O|  |TAMS 0x0000000082300000, 0x0000000082200000| Untracked 
|  17|0x0000000082300000, 0x0000000082400000, 0x0000000082400000|100%| O|  |TAMS 0x0000000082400000, 0x0000000082300000| Untracked 
|  18|0x0000000082400000, 0x0000000082500000, 0x0000000082500000|100%| O|  |TAMS 0x0000000082500000, 0x0000000082400000| Untracked 
|  19|0x0000000082500000, 0x0000000082600000, 0x0000000082600000|100%| O|  |TAMS 0x0000000082600000, 0x0000000082500000| Untracked 
|  20|0x0000000082600000, 0x0000000082675a00, 0x0000000082700000| 45%| O|  |TAMS 0x0000000082675a00, 0x0000000082600000| Untracked 
|  21|0x0000000082700000, 0x0000000082800000, 0x0000000082800000|100%|HS|  |TAMS 0x0000000082700000, 0x0000000082700000| Complete 
|  22|0x0000000082800000, 0x0000000082900000, 0x0000000082900000|100%|HC|  |TAMS 0x0000000082800000, 0x0000000082800000| Complete 
|  23|0x0000000082900000, 0x0000000082900000, 0x0000000082a00000|  0%| F|  |TAMS 0x0000000082900000, 0x0000000082900000| Untracked 
|  24|0x0000000082a00000, 0x0000000082a00000, 0x0000000082b00000|  0%| F|  |TAMS 0x0000000082a00000, 0x0000000082a00000| Untracked 
|  25|0x0000000082b00000, 0x0000000082b00000, 0x0000000082c00000|  0%| F|  |TAMS 0x0000000082b00000, 0x0000000082b00000| Untracked 
|  26|0x0000000082c00000, 0x0000000082c00000, 0x0000000082d00000|  0%| F|  |TAMS 0x0000000082c00000, 0x0000000082c00000| Untracked 
|  27|0x0000000082d00000, 0x0000000082d00000, 0x0000000082e00000|  0%| F|  |TAMS 0x0000000082d00000, 0x0000000082d00000| Untracked 
|  28|0x0000000082e00000, 0x0000000082e00000, 0x0000000082f00000|  0%| F|  |TAMS 0x0000000082e00000, 0x0000000082e00000| Untracked 
|  29|0x0000000082f00000, 0x0000000082f00000, 0x0000000083000000|  0%| F|  |TAMS 0x0000000082f00000, 0x0000000082f00000| Untracked 
|  30|0x0000000083000000, 0x0000000083000000, 0x0000000083100000|  0%| F|  |TAMS 0x0000000083000000, 0x0000000083000000| Untracked 
|  31|0x0000000083100000, 0x0000000083100000, 0x0000000083200000|  0%| F|  |TAMS 0x0000000083100000, 0x0000000083100000| Untracked 
|  32|0x0000000083200000, 0x0000000083200000, 0x0000000083300000|  0%| F|  |TAMS 0x0000000083200000, 0x0000000083200000| Untracked 
|  33|0x0000000083300000, 0x0000000083300000, 0x0000000083400000|  0%| F|  |TAMS 0x0000000083300000, 0x0000000083300000| Untracked 
|  34|0x0000000083400000, 0x0000000083400000, 0x0000000083500000|  0%| F|  |TAMS 0x0000000083400000, 0x0000000083400000| Untracked 
|  35|0x0000000083500000, 0x0000000083500000, 0x0000000083600000|  0%| F|  |TAMS 0x0000000083500000, 0x0000000083500000| Untracked 
|  36|0x0000000083600000, 0x0000000083600000, 0x0000000083700000|  0%| F|  |TAMS 0x0000000083600000, 0x0000000083600000| Untracked 
|  37|0x0000000083700000, 0x0000000083700000, 0x0000000083800000|  0%| F|  |TAMS 0x0000000083700000, 0x0000000083700000| Untracked 
|  38|0x0000000083800000, 0x0000000083800000, 0x0000000083900000|  0%| F|  |TAMS 0x0000000083800000, 0x0000000083800000| Untracked 
|  39|0x0000000083900000, 0x0000000083900000, 0x0000000083a00000|  0%| F|  |TAMS 0x0000000083900000, 0x0000000083900000| Untracked 
|  40|0x0000000083a00000, 0x0000000083a00000, 0x0000000083b00000|  0%| F|  |TAMS 0x0000000083a00000, 0x0000000083a00000| Untracked 
|  41|0x0000000083b00000, 0x0000000083b00000, 0x0000000083c00000|  0%| F|  |TAMS 0x0000000083b00000, 0x0000000083b00000| Untracked 
|  42|0x0000000083c00000, 0x0000000083c00000, 0x0000000083d00000|  0%| F|  |TAMS 0x0000000083c00000, 0x0000000083c00000| Untracked 
|  43|0x0000000083d00000, 0x0000000083d00000, 0x0000000083e00000|  0%| F|  |TAMS 0x0000000083d00000, 0x0000000083d00000| Untracked 
|  44|0x0000000083e00000, 0x0000000083e00000, 0x0000000083f00000|  0%| F|  |TAMS 0x0000000083e00000, 0x0000000083e00000| Untracked 
|  45|0x0000000083f00000, 0x0000000083f00000, 0x0000000084000000|  0%| F|  |TAMS 0x0000000083f00000, 0x0000000083f00000| Untracked 
|  46|0x0000000084000000, 0x0000000084000000, 0x0000000084100000|  0%| F|  |TAMS 0x0000000084000000, 0x0000000084000000| Untracked 
|  47|0x0000000084100000, 0x0000000084100000, 0x0000000084200000|  0%| F|  |TAMS 0x0000000084100000, 0x0000000084100000| Untracked 
|  48|0x0000000084200000, 0x0000000084200000, 0x0000000084300000|  0%| F|  |TAMS 0x0000000084200000, 0x0000000084200000| Untracked 
|  49|0x0000000084300000, 0x0000000084300000, 0x0000000084400000|  0%| F|  |TAMS 0x0000000084300000, 0x0000000084300000| Untracked 
|  50|0x0000000084400000, 0x0000000084400000, 0x0000000084500000|  0%| F|  |TAMS 0x0000000084400000, 0x0000000084400000| Untracked 
|  51|0x0000000084500000, 0x0000000084500000, 0x0000000084600000|  0%| F|  |TAMS 0x0000000084500000, 0x0000000084500000| Untracked 
|  52|0x0000000084600000, 0x0000000084600000, 0x0000000084700000|  0%| F|  |TAMS 0x0000000084600000, 0x0000000084600000| Untracked 
|  53|0x0000000084700000, 0x0000000084700000, 0x0000000084800000|  0%| F|  |TAMS 0x0000000084700000, 0x0000000084700000| Untracked 
|  54|0x0000000084800000, 0x0000000084800000, 0x0000000084900000|  0%| F|  |TAMS 0x0000000084800000, 0x0000000084800000| Untracked 
|  55|0x0000000084900000, 0x0000000084900000, 0x0000000084a00000|  0%| F|  |TAMS 0x0000000084900000, 0x0000000084900000| Untracked 
|  56|0x0000000084a00000, 0x0000000084a00000, 0x0000000084b00000|  0%| F|  |TAMS 0x0000000084a00000, 0x0000000084a00000| Untracked 
|  57|0x0000000084b00000, 0x0000000084b00000, 0x0000000084c00000|  0%| F|  |TAMS 0x0000000084b00000, 0x0000000084b00000| Untracked 
|  58|0x0000000084c00000, 0x0000000084c00000, 0x0000000084d00000|  0%| F|  |TAMS 0x0000000084c00000, 0x0000000084c00000| Untracked 
|  59|0x0000000084d00000, 0x0000000084d00000, 0x0000000084e00000|  0%| F|  |TAMS 0x0000000084d00000, 0x0000000084d00000| Untracked 
|  60|0x0000000084e00000, 0x0000000084e00000, 0x0000000084f00000|  0%| F|  |TAMS 0x0000000084e00000, 0x0000000084e00000| Untracked 
|  61|0x0000000084f00000, 0x0000000084f00000, 0x0000000085000000|  0%| F|  |TAMS 0x0000000084f00000, 0x0000000084f00000| Untracked 
|  62|0x0000000085000000, 0x0000000085000000, 0x0000000085100000|  0%| F|  |TAMS 0x0000000085000000, 0x0000000085000000| Untracked 
|  63|0x0000000085100000, 0x0000000085100000, 0x0000000085200000|  0%| F|  |TAMS 0x0000000085100000, 0x0000000085100000| Untracked 
|  64|0x0000000085200000, 0x0000000085200000, 0x0000000085300000|  0%| F|  |TAMS 0x0000000085200000, 0x0000000085200000| Untracked 
|  65|0x0000000085300000, 0x0000000085300000, 0x0000000085400000|  0%| F|  |TAMS 0x0000000085300000, 0x0000000085300000| Untracked 
|  66|0x0000000085400000, 0x0000000085400000, 0x0000000085500000|  0%| F|  |TAMS 0x0000000085400000, 0x0000000085400000| Untracked 
|  67|0x0000000085500000, 0x0000000085570608, 0x0000000085600000| 43%| S|CS|TAMS 0x0000000085500000, 0x0000000085500000| Complete 
|  68|0x0000000085600000, 0x0000000085700000, 0x0000000085700000|100%| S|CS|TAMS 0x0000000085600000, 0x0000000085600000| Complete 
|  69|0x0000000085700000, 0x0000000085800000, 0x0000000085800000|100%| S|CS|TAMS 0x0000000085700000, 0x0000000085700000| Complete 
|  70|0x0000000085800000, 0x0000000085900000, 0x0000000085900000|100%| S|CS|TAMS 0x0000000085800000, 0x0000000085800000| Complete 
|  71|0x0000000085900000, 0x0000000085a00000, 0x0000000085a00000|100%| S|CS|TAMS 0x0000000085900000, 0x0000000085900000| Complete 
|  72|0x0000000085a00000, 0x0000000085b00000, 0x0000000085b00000|100%| S|CS|TAMS 0x0000000085a00000, 0x0000000085a00000| Complete 
|  73|0x0000000085b00000, 0x0000000085c00000, 0x0000000085c00000|100%| S|CS|TAMS 0x0000000085b00000, 0x0000000085b00000| Complete 
|  74|0x0000000085c00000, 0x0000000085c00000, 0x0000000085d00000|  0%| F|  |TAMS 0x0000000085c00000, 0x0000000085c00000| Untracked 
|  75|0x0000000085d00000, 0x0000000085d00000, 0x0000000085e00000|  0%| F|  |TAMS 0x0000000085d00000, 0x0000000085d00000| Untracked 
|  76|0x0000000085e00000, 0x0000000085e00000, 0x0000000085f00000|  0%| F|  |TAMS 0x0000000085e00000, 0x0000000085e00000| Untracked 
|  77|0x0000000085f00000, 0x0000000085f00000, 0x0000000086000000|  0%| F|  |TAMS 0x0000000085f00000, 0x0000000085f00000| Untracked 
|  78|0x0000000086000000, 0x0000000086000000, 0x0000000086100000|  0%| F|  |TAMS 0x0000000086000000, 0x0000000086000000| Untracked 
|  79|0x0000000086100000, 0x0000000086100000, 0x0000000086200000|  0%| F|  |TAMS 0x0000000086100000, 0x0000000086100000| Untracked 
|  80|0x0000000086200000, 0x0000000086200000, 0x0000000086300000|  0%| F|  |TAMS 0x0000000086200000, 0x0000000086200000| Untracked 
|  81|0x0000000086300000, 0x0000000086300000, 0x0000000086400000|  0%| F|  |TAMS 0x0000000086300000, 0x0000000086300000| Untracked 
|  82|0x0000000086400000, 0x0000000086400000, 0x0000000086500000|  0%| F|  |TAMS 0x0000000086400000, 0x0000000086400000| Untracked 
|  83|0x0000000086500000, 0x0000000086500000, 0x0000000086600000|  0%| F|  |TAMS 0x0000000086500000, 0x0000000086500000| Untracked 
|  84|0x0000000086600000, 0x0000000086600000, 0x0000000086700000|  0%| F|  |TAMS 0x0000000086600000, 0x0000000086600000| Untracked 
|  85|0x0000000086700000, 0x0000000086700000, 0x0000000086800000|  0%| F|  |TAMS 0x0000000086700000, 0x0000000086700000| Untracked 
|  86|0x0000000086800000, 0x0000000086800000, 0x0000000086900000|  0%| F|  |TAMS 0x0000000086800000, 0x0000000086800000| Untracked 
|  87|0x0000000086900000, 0x0000000086900000, 0x0000000086a00000|  0%| F|  |TAMS 0x0000000086900000, 0x0000000086900000| Untracked 
|  88|0x0000000086a00000, 0x0000000086a00000, 0x0000000086b00000|  0%| F|  |TAMS 0x0000000086a00000, 0x0000000086a00000| Untracked 
|  89|0x0000000086b00000, 0x0000000086b00000, 0x0000000086c00000|  0%| F|  |TAMS 0x0000000086b00000, 0x0000000086b00000| Untracked 
|  90|0x0000000086c00000, 0x0000000086c00000, 0x0000000086d00000|  0%| F|  |TAMS 0x0000000086c00000, 0x0000000086c00000| Untracked 
|  91|0x0000000086d00000, 0x0000000086d00000, 0x0000000086e00000|  0%| F|  |TAMS 0x0000000086d00000, 0x0000000086d00000| Untracked 
|  92|0x0000000086e00000, 0x0000000086e00000, 0x0000000086f00000|  0%| F|  |TAMS 0x0000000086e00000, 0x0000000086e00000| Untracked 
|  93|0x0000000086f00000, 0x0000000086f00000, 0x0000000087000000|  0%| F|  |TAMS 0x0000000086f00000, 0x0000000086f00000| Untracked 
|  94|0x0000000087000000, 0x0000000087000000, 0x0000000087100000|  0%| F|  |TAMS 0x0000000087000000, 0x0000000087000000| Untracked 
|  95|0x0000000087100000, 0x0000000087100000, 0x0000000087200000|  0%| F|  |TAMS 0x0000000087100000, 0x0000000087100000| Untracked 
|  96|0x0000000087200000, 0x0000000087200000, 0x0000000087300000|  0%| F|  |TAMS 0x0000000087200000, 0x0000000087200000| Untracked 
|  97|0x0000000087300000, 0x0000000087300000, 0x0000000087400000|  0%| F|  |TAMS 0x0000000087300000, 0x0000000087300000| Untracked 
|  98|0x0000000087400000, 0x0000000087400000, 0x0000000087500000|  0%| F|  |TAMS 0x0000000087400000, 0x0000000087400000| Untracked 
|  99|0x0000000087500000, 0x0000000087500000, 0x0000000087600000|  0%| F|  |TAMS 0x0000000087500000, 0x0000000087500000| Untracked 
| 100|0x0000000087600000, 0x0000000087600000, 0x0000000087700000|  0%| F|  |TAMS 0x0000000087600000, 0x0000000087600000| Untracked 
| 101|0x0000000087700000, 0x0000000087700000, 0x0000000087800000|  0%| F|  |TAMS 0x0000000087700000, 0x0000000087700000| Untracked 
| 102|0x0000000087800000, 0x0000000087800000, 0x0000000087900000|  0%| F|  |TAMS 0x0000000087800000, 0x0000000087800000| Untracked 
| 103|0x0000000087900000, 0x0000000087900000, 0x0000000087a00000|  0%| F|  |TAMS 0x0000000087900000, 0x0000000087900000| Untracked 
| 104|0x0000000087a00000, 0x0000000087a00000, 0x0000000087b00000|  0%| F|  |TAMS 0x0000000087a00000, 0x0000000087a00000| Untracked 
| 105|0x0000000087b00000, 0x0000000087b00000, 0x0000000087c00000|  0%| F|  |TAMS 0x0000000087b00000, 0x0000000087b00000| Untracked 
| 106|0x0000000087c00000, 0x0000000087c00000, 0x0000000087d00000|  0%| F|  |TAMS 0x0000000087c00000, 0x0000000087c00000| Untracked 
| 107|0x0000000087d00000, 0x0000000087d00000, 0x0000000087e00000|  0%| F|  |TAMS 0x0000000087d00000, 0x0000000087d00000| Untracked 
| 108|0x0000000087e00000, 0x0000000087e00000, 0x0000000087f00000|  0%| F|  |TAMS 0x0000000087e00000, 0x0000000087e00000| Untracked 
| 109|0x0000000087f00000, 0x0000000087f00000, 0x0000000088000000|  0%| F|  |TAMS 0x0000000087f00000, 0x0000000087f00000| Untracked 
| 110|0x0000000088000000, 0x0000000088000000, 0x0000000088100000|  0%| F|  |TAMS 0x0000000088000000, 0x0000000088000000| Untracked 
| 111|0x0000000088100000, 0x0000000088100000, 0x0000000088200000|  0%| F|  |TAMS 0x0000000088100000, 0x0000000088100000| Untracked 
| 112|0x0000000088200000, 0x0000000088200000, 0x0000000088300000|  0%| F|  |TAMS 0x0000000088200000, 0x0000000088200000| Untracked 
| 113|0x0000000088300000, 0x0000000088300000, 0x0000000088400000|  0%| F|  |TAMS 0x0000000088300000, 0x0000000088300000| Untracked 
| 114|0x0000000088400000, 0x0000000088400000, 0x0000000088500000|  0%| F|  |TAMS 0x0000000088400000, 0x0000000088400000| Untracked 
| 115|0x0000000088500000, 0x0000000088500000, 0x0000000088600000|  0%| F|  |TAMS 0x0000000088500000, 0x0000000088500000| Untracked 
| 116|0x0000000088600000, 0x0000000088600000, 0x0000000088700000|  0%| F|  |TAMS 0x0000000088600000, 0x0000000088600000| Untracked 
| 117|0x0000000088700000, 0x0000000088700000, 0x0000000088800000|  0%| F|  |TAMS 0x0000000088700000, 0x0000000088700000| Untracked 
| 118|0x0000000088800000, 0x0000000088800000, 0x0000000088900000|  0%| F|  |TAMS 0x0000000088800000, 0x0000000088800000| Untracked 
| 119|0x0000000088900000, 0x0000000088900000, 0x0000000088a00000|  0%| F|  |TAMS 0x0000000088900000, 0x0000000088900000| Untracked 
| 120|0x0000000088a00000, 0x0000000088a00000, 0x0000000088b00000|  0%| F|  |TAMS 0x0000000088a00000, 0x0000000088a00000| Untracked 
| 121|0x0000000088b00000, 0x0000000088b00000, 0x0000000088c00000|  0%| F|  |TAMS 0x0000000088b00000, 0x0000000088b00000| Untracked 
| 122|0x0000000088c00000, 0x0000000088c00000, 0x0000000088d00000|  0%| F|  |TAMS 0x0000000088c00000, 0x0000000088c00000| Untracked 
| 123|0x0000000088d00000, 0x0000000088d00000, 0x0000000088e00000|  0%| F|  |TAMS 0x0000000088d00000, 0x0000000088d00000| Untracked 
| 124|0x0000000088e00000, 0x0000000088e00000, 0x0000000088f00000|  0%| F|  |TAMS 0x0000000088e00000, 0x0000000088e00000| Untracked 
| 125|0x0000000088f00000, 0x0000000088f00000, 0x0000000089000000|  0%| F|  |TAMS 0x0000000088f00000, 0x0000000088f00000| Untracked 
| 126|0x0000000089000000, 0x0000000089000000, 0x0000000089100000|  0%| F|  |TAMS 0x0000000089000000, 0x0000000089000000| Untracked 
| 127|0x0000000089100000, 0x0000000089100000, 0x0000000089200000|  0%| F|  |TAMS 0x0000000089100000, 0x0000000089100000| Untracked 

Card table byte_map: [0x000002c51cec0000,0x000002c51d2c0000] _byte_map_base: 0x000002c51cab7000

Marking Bits (Prev, Next): (CMBitMap*) 0x000002c50998b958, (CMBitMap*) 0x000002c50998b990
 Prev Bits: [0x000002c51d6c0000, 0x000002c51f678000)
 Next Bits: [0x000002c51f680000, 0x000002c521638000)

Polling page: 0x000002c508170000

Metaspace:

Usage:
  Non-class:     39.80 MB capacity,    39.46 MB (>99%) used,   289.71 KB ( <1%) free+waste,    66.06 KB ( <1%) overhead. 
      Class:      5.47 MB capacity,     5.27 MB ( 96%) used,   176.37 KB (  3%) free+waste,    28.94 KB ( <1%) overhead. 
       Both:     45.28 MB capacity,    44.73 MB ( 99%) used,   466.08 KB (  1%) free+waste,    95.00 KB ( <1%) overhead. 

Virtual space:
  Non-class space:       42.00 MB reserved,      40.08 MB ( 95%) committed 
      Class space:        1.00 GB reserved,       5.50 MB ( <1%) committed 
             Both:        1.04 GB reserved,      45.58 MB (  4%) committed 

Chunk freelists:
   Non-Class:  90.00 KB
       Class:  27.00 KB
        Both:  117.00 KB

MaxMetaspaceSize: 17179869184.00 GB
CompressedClassSpaceSize: 1.00 GB
Initial GC threshold: 20.80 MB
Current GC threshold: 58.88 MB
CDS: off

CodeHeap 'non-profiled nmethods': size=120064Kb used=1331Kb max_used=1331Kb free=118732Kb
 bounds [0x000002c514f40000, 0x000002c5151b0000, 0x000002c51c480000]
CodeHeap 'profiled nmethods': size=120000Kb used=6841Kb max_used=6841Kb free=113159Kb
 bounds [0x000002c50da10000, 0x000002c50e0c0000, 0x000002c514f40000]
CodeHeap 'non-nmethods': size=5696Kb used=1260Kb max_used=1293Kb free=4435Kb
 bounds [0x000002c50d480000, 0x000002c50d6f0000, 0x000002c50da10000]
 total_blobs=3903 nmethods=3362 adapters=453
 compilation: enabled
              stopped_count=0, restarted_count=0
 full_count=0

Compilation events (20 events):
Event: 8.180 Thread 0x000002c523cb2800 3329       4       org.jetbrains.org.objectweb.asm.ClassReader::readInt (52 bytes)
Event: 8.182 Thread 0x000002c523cb2800 nmethod 3329 0x000002c51508b690 code [0x000002c51508b820, 0x000002c51508b918]
Event: 8.182 Thread 0x000002c523cb2800 3365       4       org.jetbrains.org.objectweb.asm.ClassReader::readUtf (161 bytes)
Event: 8.183 Thread 0x000002c523cb7800 3368       3       org.jetbrains.kotlin.protobuf.FieldSet::isInitialized (133 bytes)
Event: 8.184 Thread 0x000002c523cb7800 nmethod 3368 0x000002c50e0b3710 code [0x000002c50e0b39e0, 0x000002c50e0b4b68]
Event: 8.185 Thread 0x000002c525ed8800 nmethod 3337 0x000002c51508ba10 code [0x000002c51508bbe0, 0x000002c51508c1e8]
Event: 8.185 Thread 0x000002c525ed8800 3366       4       org.jetbrains.kotlin.protobuf.ByteString::newOutput (11 bytes)
Event: 8.186 Thread 0x000002c523cb7800 3369       3       org.jetbrains.kotlin.protobuf.CodedOutputStream::writeRawBytes (11 bytes)
Event: 8.186 Thread 0x000002c523cb7800 nmethod 3369 0x000002c50e0b4f10 code [0x000002c50e0b50e0, 0x000002c50e0b52d8]
Event: 8.186 Thread 0x000002c523cb7800 3370       3       org.jetbrains.kotlin.protobuf.CodedOutputStream::writeRawBytes (157 bytes)
Event: 8.187 Thread 0x000002c523cb7800 nmethod 3370 0x000002c50e0b5410 code [0x000002c50e0b5600, 0x000002c50e0b5b88]
Event: 8.187 Thread 0x000002c523cb7800 3372       3       org.jetbrains.kotlin.protobuf.SmallSortedMap$EntryIterator::hasNext (39 bytes)
Event: 8.188 Thread 0x000002c523cb7800 nmethod 3372 0x000002c50e0b5d10 code [0x000002c50e0b5f20, 0x000002c50e0b64f8]
Event: 8.189 Thread 0x000002c523cb7800 3373       3       gnu.trove.THashMap::put (102 bytes)
Event: 8.190 Thread 0x000002c523cb7800 nmethod 3373 0x000002c50e0b6710 code [0x000002c50e0b6940, 0x000002c50e0b7128]
Event: 8.193 Thread 0x000002c523cb7800 3374       3       org.jetbrains.kotlin.protobuf.SmallSortedMap::put (142 bytes)
Event: 8.195 Thread 0x000002c523cb7800 nmethod 3374 0x000002c50e0b7390 code [0x000002c50e0b7680, 0x000002c50e0b86d8]
Event: 8.195 Thread 0x000002c523cb7800 3381   !   3       org.jetbrains.kotlin.metadata.ProtoBuf$Annotation::<init> (344 bytes)
Event: 8.195 Thread 0x000002c525ed8800 nmethod 3366 0x000002c51508c610 code [0x000002c51508c7c0, 0x000002c51508cb78]
Event: 8.196 Thread 0x000002c525ed8800 3377       4       org.jetbrains.kotlin.protobuf.CodedOutputStream::refreshBuffer (37 bytes)

GC Heap History (9 events):
Event: 0.874 GC heap before
{Heap before GC invocations=0 (full 0):
 garbage-first heap   total 131072K, used 17408K [0x0000000081200000, 0x0000000100000000)
  region size 1024K, 14 young (14336K), 0 survivors (0K)
 Metaspace       used 9810K, capacity 9906K, committed 10112K, reserved 1058816K
  class space    used 826K, capacity 853K, committed 896K, reserved 1048576K
}
Event: 0.879 GC heap after
{Heap after GC invocations=1 (full 0):
 garbage-first heap   total 131072K, used 5221K [0x0000000081200000, 0x0000000100000000)
  region size 1024K, 2 young (2048K), 2 survivors (2048K)
 Metaspace       used 9810K, capacity 9906K, committed 10112K, reserved 1058816K
  class space    used 826K, capacity 853K, committed 896K, reserved 1048576K
}
Event: 2.812 GC heap before
{Heap before GC invocations=1 (full 0):
 garbage-first heap   total 131072K, used 50277K [0x0000000081200000, 0x0000000100000000)
  region size 1024K, 47 young (48128K), 2 survivors (2048K)
 Metaspace       used 20891K, capacity 21142K, committed 21296K, reserved 1069056K
  class space    used 2237K, capacity 2347K, committed 2432K, reserved 1048576K
}
Event: 2.839 GC heap after
{Heap after GC invocations=2 (full 0):
 garbage-first heap   total 131072K, used 9098K [0x0000000081200000, 0x0000000100000000)
  region size 1024K, 6 young (6144K), 6 survivors (6144K)
 Metaspace       used 20891K, capacity 21142K, committed 21296K, reserved 1069056K
  class space    used 2237K, capacity 2347K, committed 2432K, reserved 1048576K
}
Event: 4.591 GC heap before
{Heap before GC invocations=3 (full 0):
 garbage-first heap   total 131072K, used 61322K [0x0000000081200000, 0x0000000100000000)
  region size 1024K, 52 young (53248K), 6 survivors (6144K)
 Metaspace       used 31106K, capacity 31635K, committed 31792K, reserved 1077248K
  class space    used 3702K, capacity 3907K, committed 3968K, reserved 1048576K
}
Event: 4.627 GC heap after
{Heap after GC invocations=4 (full 0):
 garbage-first heap   total 131072K, used 21074K [0x0000000081200000, 0x0000000100000000)
  region size 1024K, 7 young (7168K), 7 survivors (7168K)
 Metaspace       used 31106K, capacity 31635K, committed 31792K, reserved 1077248K
  class space    used 3702K, capacity 3907K, committed 3968K, reserved 1048576K
}
Event: 5.626 GC heap before
{Heap before GC invocations=4 (full 0):
 garbage-first heap   total 131072K, used 37458K [0x0000000081200000, 0x0000000100000000)
  region size 1024K, 24 young (24576K), 7 survivors (7168K)
 Metaspace       used 35382K, capacity 35852K, committed 35920K, reserved 1081344K
  class space    used 4385K, capacity 4587K, committed 4608K, reserved 1048576K
}
Event: 5.648 GC heap after
{Heap after GC invocations=5 (full 0):
 garbage-first heap   total 131072K, used 22352K [0x0000000081200000, 0x0000000100000000)
  region size 1024K, 2 young (2048K), 2 survivors (2048K)
 Metaspace       used 35382K, capacity 35852K, committed 35920K, reserved 1081344K
  class space    used 4385K, capacity 4587K, committed 4608K, reserved 1048576K
}
Event: 8.201 GC heap before
{Heap before GC invocations=6 (full 0):
 garbage-first heap   total 131072K, used 77648K [0x0000000081200000, 0x0000000100000000)
  region size 1024K, 54 young (55296K), 2 survivors (2048K)
 Metaspace       used 45801K, capacity 46363K, committed 46672K, reserved 1091584K
  class space    used 5399K, capacity 5605K, committed 5632K, reserved 1048576K
}

Deoptimization events (20 events):
Event: 8.123 Thread 0x000002c50994b800 Uncommon trap: trap_request=0xffffffc6 fr.pc=0x000002c515028e68 relative=0x0000000000000568
Event: 8.123 Thread 0x000002c50994b800 Uncommon trap: reason=bimorphic_or_optimized_type_check action=maybe_recompile pc=0x000002c515028e68 method=org.jetbrains.kotlin.protobuf.CodedInputStream.tryRefillBuffer(I)Z @ 177 c2
Event: 8.123 Thread 0x000002c50994b800 DEOPT PACKING pc=0x000002c515028e68 sp=0x000000ed53ffcf80
Event: 8.123 Thread 0x000002c50994b800 DEOPT UNPACKING pc=0x000002c50d4ca1af sp=0x000000ed53ffce68 mode 2
Event: 8.128 Thread 0x000002c50994b800 Uncommon trap: trap_request=0xffffffc6 fr.pc=0x000002c515028e68 relative=0x0000000000000568
Event: 8.128 Thread 0x000002c50994b800 Uncommon trap: reason=bimorphic_or_optimized_type_check action=maybe_recompile pc=0x000002c515028e68 method=org.jetbrains.kotlin.protobuf.CodedInputStream.tryRefillBuffer(I)Z @ 177 c2
Event: 8.128 Thread 0x000002c50994b800 DEOPT PACKING pc=0x000002c515028e68 sp=0x000000ed53ffcf80
Event: 8.128 Thread 0x000002c50994b800 DEOPT UNPACKING pc=0x000002c50d4ca1af sp=0x000000ed53ffce68 mode 2
Event: 8.129 Thread 0x000002c50994b800 Uncommon trap: trap_request=0xffffffc6 fr.pc=0x000002c515028e68 relative=0x0000000000000568
Event: 8.129 Thread 0x000002c50994b800 Uncommon trap: reason=bimorphic_or_optimized_type_check action=maybe_recompile pc=0x000002c515028e68 method=org.jetbrains.kotlin.protobuf.CodedInputStream.tryRefillBuffer(I)Z @ 177 c2
Event: 8.129 Thread 0x000002c50994b800 DEOPT PACKING pc=0x000002c515028e68 sp=0x000000ed53ffd090
Event: 8.129 Thread 0x000002c50994b800 DEOPT UNPACKING pc=0x000002c50d4ca1af sp=0x000000ed53ffcf78 mode 2
Event: 8.134 Thread 0x000002c50994b800 Uncommon trap: trap_request=0xffffffc6 fr.pc=0x000002c515028e68 relative=0x0000000000000568
Event: 8.134 Thread 0x000002c50994b800 Uncommon trap: reason=bimorphic_or_optimized_type_check action=maybe_recompile pc=0x000002c515028e68 method=org.jetbrains.kotlin.protobuf.CodedInputStream.tryRefillBuffer(I)Z @ 177 c2
Event: 8.134 Thread 0x000002c50994b800 DEOPT PACKING pc=0x000002c515028e68 sp=0x000000ed53ffd090
Event: 8.134 Thread 0x000002c50994b800 DEOPT UNPACKING pc=0x000002c50d4ca1af sp=0x000000ed53ffcf78 mode 2
Event: 8.138 Thread 0x000002c50994b800 Uncommon trap: trap_request=0xffffffc6 fr.pc=0x000002c515029e74 relative=0x0000000000000294
Event: 8.138 Thread 0x000002c50994b800 Uncommon trap: reason=bimorphic_or_optimized_type_check action=maybe_recompile pc=0x000002c515029e74 method=org.jetbrains.kotlin.protobuf.CodedInputStream.tryRefillBuffer(I)Z @ 177 c2
Event: 8.138 Thread 0x000002c50994b800 DEOPT PACKING pc=0x000002c515029e74 sp=0x000000ed53ffcf30
Event: 8.138 Thread 0x000002c50994b800 DEOPT UNPACKING pc=0x000002c50d4ca1af sp=0x000000ed53ffce68 mode 2

Classes redefined (0 events):
No events

Internal exceptions (20 events):
Event: 3.025 Thread 0x000002c50994b800 Exception <a 'java/lang/NoSuchMethodError'{0x0000000088b17248}: 'int java.lang.invoke.DirectMethodHandle$Holder.invokeStaticInit(java.lang.Object, java.lang.Object)'> (0x0000000088b17248) thrown at [./src/hotspot/share/interpreter/linkResolver.cpp, line 773]
Event: 3.112 Thread 0x000002c50994b800 Exception <a 'java/lang/NoSuchMethodError'{0x0000000088926530}: 'void java.lang.invoke.DirectMethodHandle$Holder.invokeSpecial(java.lang.Object, java.lang.Object)'> (0x0000000088926530) thrown at [./src/hotspot/share/interpreter/linkResolver.cpp, line 773]
Event: 3.428 Thread 0x000002c50994b800 Exception <a 'java/lang/NoSuchMethodError'{0x0000000088152000}: 'java.lang.Object java.lang.invoke.DirectMethodHandle$Holder.invokeStatic(java.lang.Object, java.lang.Object, java.lang.Object, java.lang.Object, java.lang.Object, java.lang.Object, java.lang.Object, java.lang.Object, java.lang.Object, java.lang.Object, java.lang.Object, java.lang.Object, java.lang.Object, java.lang.Object, java.lang.Object)'> (0x0000000088152000) thrown at [./src/hotspot/share/interpreter/linkResolver.cpp, line 773]
Event: 3.433 Thread 0x000002c50994b800 Exception <a 'java/lang/NoSuchMethodError'{0x0000000088160008}: 'java.lang.Object java.lang.invoke.DirectMethodHandle$Holder.invokeStatic(java.lang.Object, java.lang.Object, java.lang.Object, java.lang.Object, java.lang.Object, java.lang.Object, java.lang.Object, java.lang.Object, java.lang.Object, java.lang.Object, java.lang.Object, java.lang.Object, java.lang.Object, java.lang.Object, java.lang.Object, java.lang.Object)'> (0x0000000088160008) thrown at [./src/hotspot/share/interpreter/linkResolver.cpp, l
Event: 3.437 Thread 0x000002c50994b800 Exception <a 'java/lang/NoSuchMethodError'{0x000000008816df20}: 'java.lang.Object java.lang.invoke.DirectMethodHandle$Holder.invokeSpecial(java.lang.Object, java.lang.Object, int, int, java.lang.Object, java.lang.Object, java.lang.Object)'> (0x000000008816df20) thrown at [./src/hotspot/share/interpreter/linkResolver.cpp, line 773]
Event: 3.438 Thread 0x000002c50994b800 Exception <a 'java/lang/NoSuchMethodError'{0x0000000088171758}: 'java.lang.Object java.lang.invoke.DelegatingMethodHandle$Holder.reinvoke_L(java.lang.Object, int, int, java.lang.Object, java.lang.Object, java.lang.Object)'> (0x0000000088171758) thrown at [./src/hotspot/share/interpreter/linkResolver.cpp, line 773]
Event: 3.440 Thread 0x000002c50994b800 Exception <a 'java/lang/NoSuchMethodError'{0x0000000088175ae0}: 'java.lang.Object java.lang.invoke.DirectMethodHandle$Holder.invokeStatic(java.lang.Object, java.lang.Object, java.lang.Object, java.lang.Object, int)'> (0x0000000088175ae0) thrown at [./src/hotspot/share/interpreter/linkResolver.cpp, line 773]
Event: 3.530 Thread 0x000002c50994b800 Exception <a 'sun/nio/fs/WindowsException'{0x00000000880b6cb0}> (0x00000000880b6cb0) thrown at [./src/hotspot/share/prims/jni.cpp, line 616]
Event: 3.530 Thread 0x000002c50994b800 Exception <a 'sun/nio/fs/WindowsException'{0x00000000880b7528}> (0x00000000880b7528) thrown at [./src/hotspot/share/prims/jni.cpp, line 616]
Event: 3.531 Thread 0x000002c50994b800 Exception <a 'sun/nio/fs/WindowsException'{0x00000000880b7dc0}> (0x00000000880b7dc0) thrown at [./src/hotspot/share/prims/jni.cpp, line 616]
Event: 3.531 Thread 0x000002c50994b800 Exception <a 'sun/nio/fs/WindowsException'{0x00000000880b87b8}> (0x00000000880b87b8) thrown at [./src/hotspot/share/prims/jni.cpp, line 616]
Event: 3.532 Thread 0x000002c50994b800 Exception <a 'sun/nio/fs/WindowsException'{0x00000000880b90c0}> (0x00000000880b90c0) thrown at [./src/hotspot/share/prims/jni.cpp, line 616]
Event: 3.532 Thread 0x000002c50994b800 Exception <a 'sun/nio/fs/WindowsException'{0x00000000880b99f8}> (0x00000000880b99f8) thrown at [./src/hotspot/share/prims/jni.cpp, line 616]
Event: 3.538 Thread 0x000002c50994b800 Exception <a 'java/lang/NoSuchMethodError'{0x00000000880c0230}: 'void java.lang.invoke.DirectMethodHandle$Holder.invokeStatic(java.lang.Object, java.lang.Object, java.lang.Object, java.lang.Object)'> (0x00000000880c0230) thrown at [./src/hotspot/share/interpreter/linkResolver.cpp, line 773]
Event: 3.688 Thread 0x000002c50994b800 Exception <a 'java/lang/NoSuchMethodError'{0x0000000087c9c960}: 'void java.lang.invoke.DirectMethodHandle$Holder.invokeStaticInit(java.lang.Object, java.lang.Object)'> (0x0000000087c9c960) thrown at [./src/hotspot/share/interpreter/linkResolver.cpp, line 773]
Event: 3.848 Thread 0x000002c50994b800 Exception <a 'java/lang/NoSuchMethodError'{0x0000000087738498}: 'void java.lang.invoke.DirectMethodHandle$Holder.invokeVirtual(java.lang.Object, java.lang.Object)'> (0x0000000087738498) thrown at [./src/hotspot/share/interpreter/linkResolver.cpp, line 773]
Event: 3.862 Thread 0x000002c50994b800 Exception <a 'java/lang/NoSuchMethodError'{0x00000000877ae088}: 'int java.lang.invoke.DirectMethodHandle$Holder.invokeVirtual(java.lang.Object, java.lang.Object)'> (0x00000000877ae088) thrown at [./src/hotspot/share/interpreter/linkResolver.cpp, line 773]
Event: 5.607 Thread 0x000002c50994b800 Exception <a 'java/lang/NoSuchMethodError'{0x0000000088117160}: 'java.lang.Object java.lang.invoke.DirectMethodHandle$Holder.invokeVirtual(java.lang.Object, java.lang.Object, java.lang.Object)'> (0x0000000088117160) thrown at [./src/hotspot/share/interpreter/linkResolver.cpp, line 773]
Event: 7.308 Thread 0x000002c50994b800 Exception <a 'java/lang/NoSuchMethodError'{0x00000000867df580}: 'java.lang.Object java.lang.invoke.Invokers$Holder.linkToTargetMethod(java.lang.Object, int, java.lang.Object)'> (0x00000000867df580) thrown at [./src/hotspot/share/interpreter/linkResolver.cpp, line 773]
Event: 7.528 Thread 0x000002c50994b800 Implicit null exception at 0x000002c515066c4c to 0x000002c515066d28

Events (20 events):
Event: 8.171 loading class org/jetbrains/kotlin/descriptors/impl/ReceiverParameterDescriptorImpl done
Event: 8.171 loading class org/jetbrains/kotlin/descriptors/impl/AbstractReceiverParameterDescriptor
Event: 8.171 loading class org/jetbrains/kotlin/descriptors/impl/AbstractReceiverParameterDescriptor done
Event: 8.172 loading class org/jetbrains/kotlin/resolve/scopes/receivers/ExtensionReceiver
Event: 8.172 loading class org/jetbrains/kotlin/resolve/scopes/receivers/ExtensionReceiver done
Event: 8.173 loading class org/jetbrains/kotlin/resolve/scopes/receivers/ImplicitReceiver
Event: 8.173 loading class org/jetbrains/kotlin/resolve/scopes/receivers/ImplicitReceiver done
Event: 8.173 loading class org/jetbrains/kotlin/resolve/scopes/receivers/AbstractReceiverValue
Event: 8.173 loading class org/jetbrains/kotlin/resolve/scopes/receivers/AbstractReceiverValue done
Event: 8.174 loading class org/jetbrains/kotlin/serialization/deserialization/ProtoContainer$Package
Event: 8.174 loading class org/jetbrains/kotlin/serialization/deserialization/ProtoContainer$Package done
Event: 8.183 loading class org/jetbrains/kotlin/load/kotlin/KotlinJvmBinarySourceElement
Event: 8.183 loading class org/jetbrains/kotlin/load/kotlin/KotlinJvmBinarySourceElement done
Event: 8.184 loading class org/jetbrains/kotlin/descriptors/impl/ModuleAwareClassDescriptorKt
Event: 8.184 loading class org/jetbrains/kotlin/descriptors/impl/ModuleAwareClassDescriptorKt done
Event: 8.186 loading class org/jetbrains/kotlin/types/KotlinTypeFactory$simpleType$1
Event: 8.186 loading class org/jetbrains/kotlin/types/KotlinTypeFactory$simpleType$1 done
Event: 8.188 loading class org/jetbrains/kotlin/descriptors/impl/ValueParameterDescriptorImpl$Companion
Event: 8.188 loading class org/jetbrains/kotlin/descriptors/impl/ValueParameterDescriptorImpl$Companion done
Event: 8.200 Executing VM operation: G1CollectForAllocation


Dynamic libraries:
0x00007ff7a8a40000 - 0x00007ff7a8a4a000 	C:\Program Files\Android\Android Studio\jre\bin\java.exe
0x00007ffcb7870000 - 0x00007ffcb7a68000 	C:\WINDOWS\SYSTEM32\ntdll.dll
0x00007ffcb68f0000 - 0x00007ffcb69af000 	C:\WINDOWS\System32\KERNEL32.DLL
0x00007ffcb5560000 - 0x00007ffcb5832000 	C:\WINDOWS\System32\KERNELBASE.dll
0x00007ffcb52d0000 - 0x00007ffcb53d0000 	C:\WINDOWS\System32\ucrtbase.dll
0x00007ffcabe90000 - 0x00007ffcabea9000 	C:\Program Files\Android\Android Studio\jre\bin\jli.dll
0x00007ffcaa8a0000 - 0x00007ffcaa8b7000 	C:\Program Files\Android\Android Studio\jre\bin\VCRUNTIME140.dll
0x00007ffcb5cc0000 - 0x00007ffcb5e61000 	C:\WINDOWS\System32\USER32.dll
0x00007ffcb5420000 - 0x00007ffcb5442000 	C:\WINDOWS\System32\win32u.dll
0x00007ffca5100000 - 0x00007ffca539a000 	C:\WINDOWS\WinSxS\amd64_microsoft.windows.common-controls_6595b64144ccf1df_6.0.19041.1110_none_60b5254171f9507e\COMCTL32.dll
0x00007ffcb68b0000 - 0x00007ffcb68db000 	C:\WINDOWS\System32\GDI32.dll
0x00007ffcb6c00000 - 0x00007ffcb6c9e000 	C:\WINDOWS\System32\msvcrt.dll
0x00007ffcb5450000 - 0x00007ffcb555f000 	C:\WINDOWS\System32\gdi32full.dll
0x00007ffcb51a0000 - 0x00007ffcb523d000 	C:\WINDOWS\System32\msvcp_win.dll
0x00007ffcb6bc0000 - 0x00007ffcb6bf2000 	C:\WINDOWS\System32\IMM32.DLL
0x00007ffc8ce60000 - 0x00007ffc8cefd000 	C:\Program Files\Android\Android Studio\jre\bin\msvcp140.dll
0x00007ffc54ae0000 - 0x00007ffc555e2000 	C:\Program Files\Android\Android Studio\jre\bin\server\jvm.dll
0x00007ffcb6af0000 - 0x00007ffcb6b9e000 	C:\WINDOWS\System32\ADVAPI32.dll
0x00007ffcb5c20000 - 0x00007ffcb5cbc000 	C:\WINDOWS\System32\sechost.dll
0x00007ffcb64f0000 - 0x00007ffcb6615000 	C:\WINDOWS\System32\RPCRT4.dll
0x00007ffcb5c10000 - 0x00007ffcb5c18000 	C:\WINDOWS\System32\PSAPI.DLL
0x00007ffca22d0000 - 0x00007ffca22f7000 	C:\WINDOWS\SYSTEM32\WINMM.dll
0x00007ffcb3650000 - 0x00007ffcb3659000 	C:\WINDOWS\SYSTEM32\WSOCK32.dll
0x00007ffca6330000 - 0x00007ffca633a000 	C:\WINDOWS\SYSTEM32\VERSION.dll
0x00007ffcb6d00000 - 0x00007ffcb6d6b000 	C:\WINDOWS\System32\WS2_32.dll
0x00007ffcb3770000 - 0x00007ffcb3782000 	C:\WINDOWS\SYSTEM32\kernel.appcore.dll
0x00007ffc89d00000 - 0x00007ffc89d11000 	C:\Program Files\Android\Android Studio\jre\bin\verify.dll
0x00007ffcb2ca0000 - 0x00007ffcb2e84000 	C:\WINDOWS\SYSTEM32\DBGHELP.DLL
0x00007ffca0ef0000 - 0x00007ffca0f25000 	C:\WINDOWS\SYSTEM32\dbgcore.DLL
0x00007ffcb5240000 - 0x00007ffcb52c2000 	C:\WINDOWS\System32\bcryptPrimitives.dll
0x00007ffc89850000 - 0x00007ffc89879000 	C:\Program Files\Android\Android Studio\jre\bin\java.dll
0x00007ffc9f330000 - 0x00007ffc9f33b000 	C:\Program Files\Android\Android Studio\jre\bin\jimage.dll
0x00007ffc897c0000 - 0x00007ffc897d8000 	C:\Program Files\Android\Android Studio\jre\bin\zip.dll
0x00007ffcb70e0000 - 0x00007ffcb7824000 	C:\WINDOWS\System32\SHELL32.dll
0x00007ffcb2e90000 - 0x00007ffcb3622000 	C:\WINDOWS\SYSTEM32\windows.storage.dll
0x00007ffcb58b0000 - 0x00007ffcb5c05000 	C:\WINDOWS\System32\combase.dll
0x00007ffcb4800000 - 0x00007ffcb4830000 	C:\WINDOWS\SYSTEM32\Wldp.dll
0x00007ffcb6620000 - 0x00007ffcb66cd000 	C:\WINDOWS\System32\SHCORE.dll
0x00007ffcb6490000 - 0x00007ffcb64e5000 	C:\WINDOWS\System32\shlwapi.dll
0x00007ffcb4ea0000 - 0x00007ffcb4ebf000 	C:\WINDOWS\SYSTEM32\profapi.dll
0x00007ffc896c0000 - 0x00007ffc896da000 	C:\Program Files\Android\Android Studio\jre\bin\net.dll
0x00007ffca7410000 - 0x00007ffca751c000 	C:\WINDOWS\SYSTEM32\WINHTTP.dll
0x00007ffcb45e0000 - 0x00007ffcb464a000 	C:\WINDOWS\system32\mswsock.dll
0x00007ffc89650000 - 0x00007ffc89664000 	C:\Program Files\Android\Android Studio\jre\bin\nio.dll

dbghelp: loaded successfully - version: 4.0.5 - missing functions: none
symbol engine: initialized successfully - sym options: 0x614 - pdb path: .;C:\Program Files\Android\Android Studio\jre\bin;C:\WINDOWS\SYSTEM32;C:\WINDOWS\WinSxS\amd64_microsoft.windows.common-controls_6595b64144ccf1df_6.0.19041.1110_none_60b5254171f9507e;C:\Program Files\Android\Android Studio\jre\bin\server

VM Arguments:
java_command: org.jetbrains.kotlin.cli.jvm.K2JVMCompiler @D:\UdemyCourses\JetpackCompose\TodoAppJetpack\app\build\20230121_17187152154060645916.compiler.options
java_class_path (initial): C:\Users\Adrian\.gradle\caches\modules-2\files-2.1\org.jetbrains.kotlin\kotlin-compiler-embeddable\1.6.10\88f2073f4020cdb83132cfe940ceb9a60aba54ea\kotlin-compiler-embeddable-1.6.10.jar;C:\Users\Adrian\.gradle\caches\modules-2\files-2.1\org.jetbrains.kotlin\kotlin-reflect\1.6.10\1cbe9c92c12a94eea200d23c2bbaedaf3daf5132\kotlin-reflect-1.6.10.jar;C:\Users\Adrian\.gradle\caches\modules-2\files-2.1\org.jetbrains.kotlin\kotlin-stdlib\1.6.10\b8af3fe6f1ca88526914929add63cf5e7c5049af\kotlin-stdlib-1.6.10.jar;C:\Users\Adrian\.gradle\caches\modules-2\files-2.1\org.jetbrains.kotlin\kotlin-script-runtime\1.6.10\d0a7ff2e2500ef497ed0214ae40ad3c8387a6164\kotlin-script-runtime-1.6.10.jar;C:\Users\Adrian\.gradle\caches\modules-2\files-2.1\org.jetbrains.kotlin\kotlin-daemon-embeddable\1.6.10\a56d79bcbea411fa6058e4ecffc2de73e742bd2a\kotlin-daemon-embeddable-1.6.10.jar;C:\Users\Adrian\.gradle\caches\modules-2\files-2.1\org.jetbrains.intellij.deps\trove4j\1.0.20181211\216c2e14b070f334479d800987affe4054cd563f\trove4j-1.0.20181211.jar;C:\Users\Adrian\.gradle\caches\modules-2\files-2.1\net.java.dev.jna\jna\5.6.0\330f2244e9030119ab3030fc3fededc86713d9cc\jna-5.6.0.jar;C:\Users\Adrian\.gradle\caches\modules-2\files-2.1\org.jetbrains\annotations\13.0\919f0dfe192fb4e063e7dacadee7f8bb9a2672a9\annotations-13.0.jar;C:\Users\Adrian\.gradle\caches\modules-2\files-2.1\org.jetbrains.kotlin\kotlin-stdlib-common\1.6.10\c118700e3a33c8a0d9adc920e9dec0831171925\kotlin-stdlib-common-1.6.10.jar
Launcher Type: SUN_STANDARD

[Global flags]
     intx CICompilerCount                          = 3                                         {product} {ergonomic}
     uint ConcGCThreads                            = 1                                         {product} {ergonomic}
     uint G1ConcRefinementThreads                  = 4                                         {product} {ergonomic}
   size_t G1HeapRegionSize                         = 1048576                                   {product} {ergonomic}
    uintx GCDrainStackTargetSize                   = 64                                        {product} {ergonomic}
   size_t InitialHeapSize                          = 134217728                                 {product} {ergonomic}
   size_t MarkStackSize                            = 4194304                                   {product} {ergonomic}
   size_t MaxHeapSize                              = 2128609280                                {product} {ergonomic}
   size_t MaxNewSize                               = 1277165568                                {product} {ergonomic}
   size_t MinHeapDeltaBytes                        = 1048576                                   {product} {ergonomic}
    uintx NonNMethodCodeHeapSize                   = 5830732                                {pd product} {ergonomic}
    uintx NonProfiledCodeHeapSize                  = 122913754                              {pd product} {ergonomic}
    uintx ProfiledCodeHeapSize                     = 122913754                              {pd product} {ergonomic}
    uintx ReservedCodeCacheSize                    = 251658240                              {pd product} {ergonomic}
     bool SegmentedCodeCache                       = true                                      {product} {ergonomic}
     bool UseCompressedClassPointers               = true                                 {lp64_product} {ergonomic}
     bool UseCompressedOops                        = true                                 {lp64_product} {ergonomic}
     bool UseG1GC                                  = true                                      {product} {ergonomic}
     bool UseLargePagesIndividualAllocation        = false                                  {pd product} {ergonomic}

Logging:
Log output configuration:
 #0: stdout all=warning uptime,level,tags
 #1: stderr all=off uptime,level,tags

Environment Variables:
JAVA_HOME=C:\Program Files\Java\jdk-11.0.12
CLASSPATH=D:\Ejercicios
PATH=C:\Program Files\Common Files\Oracle\Java\javapath;C:\oraclexe\app\oracle\product\11.2.0\server\bin;C:\Program Files (x86)\Common Files\Oracle\Java\javapath;C:\WINDOWS\system32;C:\WINDOWS;C:\WINDOWS\System32\Wbem;C:\WINDOWS\System32\WindowsPowerShell\v1.0\;C:\WINDOWS\System32\OpenSSH\;C:\Program Files\Java\jdk1.8.0_271\bin;C:\Program Files\Java\jdk-11.0.12\bin;D:\Program Files\nodejs\;C:\Program Files\Docker\Docker\resources\bin;C:\ProgramData\DockerDesktop\version-bin;C:\Program Files\Git\cmd;C:\Users\Adrian\AppData\Local\Microsoft\WindowsApps;C:\Users\Adrian\AppData\Local\GitHubDesktop\bin;C:\Users\Adrian\AppData\Roaming\npm;C:\Program Files\heroku\bin
USERNAME=Adrian
OS=Windows_NT
PROCESSOR_IDENTIFIER=Intel64 Family 6 Model 61 Stepping 4, GenuineIntel



---------------  S Y S T E M  ---------------

OS: Windows 10 , 64 bit Build 19041 (10.0.19041.2364)
OS uptime: 7 days 16:46 hours
Hyper-V role detected

CPU:total 4 (initial active 4) (2 cores per cpu, 2 threads per core) family 6 model 61 stepping 4 microcode 0x2d, cmov, cx8, fxsr, mmx, sse, sse2, sse3, ssse3, sse4.1, sse4.2, popcnt, avx, avx2, aes, clmul, erms, 3dnowpref, lzcnt, ht, tsc, tscinvbit, bmi1, bmi2, adx, fma

Memory: 4k page, system-wide physical 8112M (455M free)
TotalPageFile size 10160M (AvailPageFile size 15M)
current process WorkingSet (physical memory assigned to process): 199M, peak: 202M
current process commit charge ("private bytes"): 275M, peak: 301M

vm_info: OpenJDK 64-Bit Server VM (11.0.13+0-b1751.21-8125866) for windows-amd64 JRE (11.0.13+0-b1751.21-8125866), built on Feb  2 2022 03:00:22 by "builder" with MS VC++ 14.0 (VS2015)

END.
